2025-12-15 09:52:35 [INFO]: 🚀 API escuchando en http://localhost:9000
2025-12-15 09:52:36 [ERROR]: Error inesperado: connect ETIMEDOUT
2025-12-15 09:52:38 [INFO]: ✅ Mongoose conectado a MongoDB en: localhost
2025-12-15 09:52:38 [INFO]: 🚀 MongoDB conectado correctamente
2025-12-15 09:52:38 [INFO]: Conexión establecida con la base de datos
2025-12-15 09:53:43 [INFO]: ⚠️  Mongoose desconectado de MongoDB
2025-12-15 09:53:59 [INFO]: 🚀 API escuchando en http://localhost:9000
2025-12-15 09:53:59 [INFO]: Base de datos conectada
2025-12-15 09:53:59 [INFO]: ✅ Mongoose conectado a MongoDB en: localhost
2025-12-15 09:53:59 [INFO]: 🚀 MongoDB conectado correctamente
2025-12-15 09:53:59 [INFO]: Conexión establecida con la base de datos
2025-12-15 09:54:42 [INFO]: Usuario no autenticado, redirigiendo a inicio de sesión
2025-12-15 09:54:42 [INFO]: Usuario no autenticado, redirigiendo a inicio de sesión
2025-12-15 09:54:43 [INFO]: [0mGET / [32m200[0m 9.533 ms - 12[0m
2025-12-15 09:54:43 [INFO]: [0mGET / [36m304[0m 2.059 ms - -[0m
2025-12-15 09:54:43 [INFO]: [0mGET /auth/profile [36m302[0m 115.458 ms - 23[0m
2025-12-15 09:54:43 [INFO]: [0mGET /auth/profile [36m302[0m 5.383 ms - 23[0m
2025-12-15 09:55:44 [INFO]: Base de Datos sincronizadas
2025-12-15 09:57:35 [INFO]: [0mPOST /auth/register [32m201[0m 9834.004 ms - 200[0m
2025-12-15 09:57:36 [INFO]: [0mGET /auth/profile [32m200[0m 2.580 ms - 159[0m
2025-12-15 09:58:01 [INFO]: [0mGET /artista/lista [32m200[0m 4.800 ms - 70[0m
2025-12-15 09:58:01 [INFO]: [0mGET /artista/lista [36m304[0m 4.148 ms - -[0m
2025-12-15 09:58:02 [INFO]: [0mGET /album/lista [32m200[0m 4.076 ms - 70[0m
2025-12-15 09:58:02 [INFO]: [0mGET /album/lista [36m304[0m 3.080 ms - -[0m
2025-12-15 09:58:03 [INFO]: [0mGET /evento/lista [32m200[0m 57.773 ms - 2[0m
2025-12-15 09:58:03 [INFO]: [0mGET /evento/lista [36m304[0m 2.573 ms - -[0m
2025-12-15 09:58:13 [INFO]: [0mGET /auth/profile [36m304[0m 1.881 ms - -[0m
2025-12-15 09:58:13 [INFO]: [0mGET /auth/profile [36m304[0m 1.846 ms - -[0m
2025-12-15 09:58:14 [INFO]: [0mGET /album/lista [36m304[0m 3.138 ms - -[0m
2025-12-15 09:58:14 [INFO]: [0mGET /album/lista [36m304[0m 4.320 ms - -[0m
2025-12-15 09:58:22 [INFO]: [0mGET /ventas/reporte [32m200[0m 474.964 ms - 166[0m
2025-12-15 09:58:22 [INFO]: [0mGET /ventas/reporte [36m304[0m 3.516 ms - -[0m
2025-12-15 10:12:09 [INFO]: [0mGET /auth/profile [36m304[0m 2.512 ms - -[0m
2025-12-15 10:12:09 [INFO]: [0mGET /auth/profile [36m304[0m 2.510 ms - -[0m
2025-12-15 10:12:12 [INFO]: [0mPOST /auth/login [32m200[0m 311.623 ms - 188[0m
2025-12-15 10:12:12 [INFO]: [0mGET /auth/profile [36m304[0m 2.000 ms - -[0m
2025-12-15 10:25:17 [INFO]: 🚀 API escuchando en http://localhost:9000
2025-12-15 10:25:18 [INFO]: Base de datos conectada
2025-12-15 10:25:18 [INFO]: ✅ Mongoose conectado a MongoDB en: localhost
2025-12-15 10:25:18 [INFO]: 🚀 MongoDB conectado correctamente
2025-12-15 10:25:18 [INFO]: Conexión establecida con la base de datos
2025-12-15 10:25:37 [INFO]: Base de Datos sincronizadas
2025-12-15 10:26:40 [INFO]: 🚀 API escuchando en http://localhost:9000
2025-12-15 10:26:40 [INFO]: Base de datos conectada
2025-12-15 10:26:40 [INFO]: ✅ Mongoose conectado a MongoDB en: localhost
2025-12-15 10:26:40 [INFO]: 🚀 MongoDB conectado correctamente
2025-12-15 10:26:40 [INFO]: Conexión establecida con la base de datos
2025-12-15 10:26:59 [INFO]: Base de Datos sincronizadas
2025-12-15 10:29:35 [INFO]: Usuario no autenticado, redirigiendo a inicio de sesión
2025-12-15 10:29:35 [INFO]: Usuario no autenticado, redirigiendo a inicio de sesión
2025-12-15 10:29:35 [INFO]: [0mGET / [36m304[0m 10.391 ms - -[0m
2025-12-15 10:29:35 [INFO]: [0mGET / [36m304[0m 2.749 ms - -[0m
2025-12-15 10:29:35 [INFO]: [0mGET /auth/profile [36m302[0m 45.731 ms - 23[0m
2025-12-15 10:29:35 [INFO]: [0mGET /auth/profile [36m302[0m 7.278 ms - 23[0m
2025-12-15 10:30:08 [INFO]: [0mPOST /auth/register [31m500[0m 227.823 ms - 65[0m
2025-12-15 10:31:08 [INFO]: 🚀 API escuchando en http://localhost:9000
2025-12-15 10:31:08 [INFO]: Base de datos conectada
2025-12-15 10:31:08 [INFO]: ✅ Mongoose conectado a MongoDB en: localhost
2025-12-15 10:31:08 [INFO]: 🚀 MongoDB conectado correctamente
2025-12-15 10:31:08 [INFO]: Conexión establecida con la base de datos
2025-12-15 10:31:28 [INFO]: Base de Datos sincronizadas
2025-12-15 10:31:40 [INFO]: [0mPOST /auth/register [31m500[0m 124.843 ms - 65[0m
2025-12-15 10:32:00 [INFO]: 🚀 API escuchando en http://localhost:9000
2025-12-15 10:32:00 [INFO]: Base de datos conectada
2025-12-15 10:32:00 [INFO]: ✅ Mongoose conectado a MongoDB en: localhost
2025-12-15 10:32:00 [INFO]: 🚀 MongoDB conectado correctamente
2025-12-15 10:32:00 [INFO]: Conexión establecida con la base de datos
2025-12-15 10:32:22 [INFO]: Base de Datos sincronizadas
2025-12-15 10:33:00 [INFO]: [0mPOST /auth/register [32m201[0m 218.611 ms - 191[0m
2025-12-15 10:33:00 [INFO]: [0mGET /auth/profile [32m200[0m 5.205 ms - 150[0m
2025-12-15 10:33:25 [INFO]: [0mGET /evento/lista [36m304[0m 7.466 ms - -[0m
2025-12-15 10:33:25 [INFO]: [0mGET /evento/lista [36m304[0m 4.310 ms - -[0m
2025-12-15 10:33:59 [INFO]: [0mGET /auth/profile [36m304[0m 3.390 ms - -[0m
2025-12-15 10:33:59 [INFO]: [0mGET /auth/profile [36m304[0m 3.249 ms - -[0m
2025-12-15 10:34:06 [INFO]: [0mPOST /auth/register [32m201[0m 327.379 ms - 191[0m
2025-12-15 10:34:06 [INFO]: [0mGET /auth/profile [32m200[0m 1.893 ms - 150[0m
2025-12-15 10:36:10 [INFO]: 🚀 API escuchando en http://localhost:9000
2025-12-15 10:36:10 [INFO]: Base de datos conectada
2025-12-15 10:36:10 [INFO]: ✅ Mongoose conectado a MongoDB en: localhost
2025-12-15 10:36:10 [INFO]: 🚀 MongoDB conectado correctamente
2025-12-15 10:36:10 [INFO]: Conexión establecida con la base de datos
2025-12-15 10:36:36 [INFO]: Base de Datos sincronizadas
2025-12-15 10:37:12 [INFO]: 🚀 API escuchando en http://localhost:9000
2025-12-15 10:37:12 [INFO]: Base de datos conectada
2025-12-15 10:37:12 [INFO]: ✅ Mongoose conectado a MongoDB en: localhost
2025-12-15 10:37:12 [INFO]: 🚀 MongoDB conectado correctamente
2025-12-15 10:37:13 [INFO]: Conexión establecida con la base de datos
2025-12-15 10:37:34 [INFO]: Base de Datos sincronizadas
2025-12-15 10:54:54 [INFO]: 🚀 API escuchando en http://localhost:9000
2025-12-15 10:54:55 [INFO]: Base de datos conectada
2025-12-15 10:54:55 [INFO]: ✅ Mongoose conectado a MongoDB en: localhost
2025-12-15 10:54:55 [INFO]: 🚀 MongoDB conectado correctamente
2025-12-15 10:54:55 [INFO]: Conexión establecida con la base de datos
2025-12-15 10:55:17 [INFO]: Base de Datos sincronizadas
2025-12-15 10:57:15 [INFO]: 🚀 API escuchando en http://localhost:9000
2025-12-15 10:57:15 [INFO]: Base de datos conectada
2025-12-15 10:57:19 [INFO]: 🚀 API escuchando en http://localhost:9000
2025-12-15 10:57:19 [INFO]: Base de datos conectada
2025-12-15 10:57:19 [INFO]: ✅ Mongoose conectado a MongoDB en: localhost
2025-12-15 10:57:19 [INFO]: 🚀 MongoDB conectado correctamente
2025-12-15 10:57:19 [INFO]: Conexión establecida con la base de datos
2025-12-15 10:57:41 [INFO]: Base de Datos sincronizadas
2025-12-15 11:01:37 [INFO]: 🚀 API escuchando en http://localhost:9000
2025-12-15 11:01:37 [INFO]: Base de datos conectada
2025-12-15 11:01:37 [INFO]: ✅ Mongoose conectado a MongoDB en: localhost
2025-12-15 11:01:37 [INFO]: 🚀 MongoDB conectado correctamente
2025-12-15 11:01:37 [INFO]: Conexión establecida con la base de datos
2025-12-15 11:02:04 [INFO]: Base de Datos sincronizadas
2025-12-15 11:03:59 [INFO]: 🚀 API escuchando en http://localhost:9000
2025-12-15 11:03:59 [INFO]: Base de datos conectada
2025-12-15 11:03:59 [INFO]: ✅ Mongoose conectado a MongoDB en: localhost
2025-12-15 11:03:59 [INFO]: 🚀 MongoDB conectado correctamente
2025-12-15 11:03:59 [INFO]: Conexión establecida con la base de datos
2025-12-15 11:05:54 [INFO]: 🚀 API escuchando en http://localhost:9000
2025-12-15 11:05:54 [INFO]: Base de datos conectada
2025-12-15 11:05:54 [INFO]: ✅ Mongoose conectado a MongoDB en: localhost
2025-12-15 11:05:54 [INFO]: 🚀 MongoDB conectado correctamente
2025-12-15 11:05:54 [INFO]: Conexión establecida con la base de datos
2025-12-15 11:17:08 [INFO]: 🚀 API escuchando en http://localhost:9000
2025-12-15 11:17:08 [INFO]: Base de datos conectada
2025-12-15 11:17:08 [INFO]: ✅ Mongoose conectado a MongoDB en: localhost
2025-12-15 11:17:08 [INFO]: 🚀 MongoDB conectado correctamente
2025-12-15 11:17:08 [INFO]: Conexión establecida con la base de datos
2025-12-15 11:17:37 [INFO]: 🚀 API escuchando en http://localhost:9000
2025-12-15 11:17:37 [INFO]: Base de datos conectada
2025-12-15 11:17:37 [INFO]: ✅ Mongoose conectado a MongoDB en: localhost
2025-12-15 11:17:37 [INFO]: 🚀 MongoDB conectado correctamente
2025-12-15 11:17:37 [INFO]: Conexión establecida con la base de datos
2025-12-15 11:19:16 [INFO]: Base de Datos sincronizadas
2025-12-15 11:24:08 [INFO]: 🚀 API escuchando en http://localhost:9000
2025-12-15 11:24:12 [INFO]: 🚀 API escuchando en http://localhost:9000
2025-12-15 11:24:12 [INFO]: Base de datos conectada
2025-12-15 11:24:12 [INFO]: ✅ Mongoose conectado a MongoDB en: localhost
2025-12-15 11:24:12 [INFO]: 🚀 MongoDB conectado correctamente
2025-12-15 11:24:12 [INFO]: Conexión establecida con la base de datos
2025-12-15 11:24:33 [INFO]: Base de Datos sincronizadas
2025-12-15 11:25:03 [INFO]: 🚀 API escuchando en http://localhost:9000
2025-12-15 11:25:03 [INFO]: Base de datos conectada
2025-12-15 11:25:03 [INFO]: ✅ Mongoose conectado a MongoDB en: localhost
2025-12-15 11:25:03 [INFO]: 🚀 MongoDB conectado correctamente
2025-12-15 11:25:03 [INFO]: Conexión establecida con la base de datos
2025-12-15 11:25:21 [INFO]: 🚀 API escuchando en http://localhost:9000
2025-12-15 11:25:21 [INFO]: Base de datos conectada
2025-12-15 11:25:21 [INFO]: ✅ Mongoose conectado a MongoDB en: localhost
2025-12-15 11:25:21 [INFO]: 🚀 MongoDB conectado correctamente
2025-12-15 11:25:21 [INFO]: Conexión establecida con la base de datos
2025-12-15 11:25:53 [INFO]: Base de Datos sincronizadas
2025-12-15 11:25:55 [INFO]: Usuario no autenticado, redirigiendo a inicio de sesión
2025-12-15 11:25:55 [INFO]: Usuario no autenticado, redirigiendo a inicio de sesión
2025-12-15 11:25:55 [INFO]: [0mGET / [36m304[0m 12.156 ms - -[0m
2025-12-15 11:25:56 [INFO]: [0mGET / [36m304[0m 2.392 ms - -[0m
2025-12-15 11:25:56 [INFO]: [0mGET /auth/profile [36m302[0m 35.411 ms - 23[0m
2025-12-15 11:25:56 [INFO]: [0mGET /auth/profile [36m302[0m 6.522 ms - 23[0m
2025-12-15 11:26:26 [INFO]: [0mPOST /auth/register [32m201[0m 1113.437 ms - 191[0m
2025-12-15 11:26:26 [INFO]: [0mGET /auth/profile [32m200[0m 2.666 ms - 150[0m
2025-12-15 11:26:32 [INFO]: [0mGET /artista/lista [36m304[0m 4.295 ms - -[0m
2025-12-15 11:26:32 [INFO]: [0mGET /artista/lista [36m304[0m 2.631 ms - -[0m
2025-12-15 11:26:33 [INFO]: [0mGET /album/lista [36m304[0m 5.221 ms - -[0m
2025-12-15 11:26:33 [INFO]: [0mGET /album/lista [36m304[0m 2.524 ms - -[0m
2025-12-15 11:26:34 [INFO]: [0mGET /evento/lista [36m304[0m 5.796 ms - -[0m
2025-12-15 11:26:34 [INFO]: [0mGET /evento/lista [36m304[0m 2.995 ms - -[0m
2025-12-15 11:27:24 [INFO]: [0mGET /auth/profile [36m304[0m 4.033 ms - -[0m
2025-12-15 11:27:24 [INFO]: [0mGET /auth/profile [36m304[0m 5.100 ms - -[0m
2025-12-15 11:27:57 [INFO]: [0mPOST /auth/register [32m201[0m 343.162 ms - 189[0m
2025-12-15 11:27:57 [INFO]: [0mGET /auth/profile [32m200[0m 1.771 ms - 148[0m
2025-12-15 11:33:06 [INFO]: 🚀 API escuchando en http://localhost:9000
2025-12-15 11:33:06 [INFO]: Base de datos conectada
2025-12-15 11:33:06 [INFO]: ✅ Mongoose conectado a MongoDB en: localhost
2025-12-15 11:33:07 [INFO]: 🚀 MongoDB conectado correctamente
2025-12-15 11:33:07 [INFO]: Conexión establecida con la base de datos
2025-12-16 12:22:18 [INFO]: 🚀 API escuchando en http://localhost:9000
2025-12-16 12:22:20 [INFO]: ✅ Mongoose conectado a MongoDB en: localhost
2025-12-16 12:22:20 [INFO]: 🚀 MongoDB conectado correctamente
2025-12-16 12:22:20 [INFO]: Base de datos conectada
2025-12-16 12:22:20 [INFO]: Conexión establecida con la base de datos
2025-12-16 12:22:57 [INFO]: Base de Datos sincronizadas
2025-12-17 20:04:53 [INFO]: 🚀 API escuchando en http://localhost:9000
2025-12-17 20:04:53 [INFO]: ✅ Mongoose conectado a MongoDB en: localhost
2025-12-17 20:04:53 [INFO]: 🚀 MongoDB conectado correctamente
2025-12-17 20:04:53 [ERROR]: No se pudo conectar a la base de datos: Access denied for user 'root'@'localhost' (using password: YES)
2025-12-17 20:04:53 [ERROR]: Error al sincronizar la Base de Datos: SequelizeAccessDeniedError: Access denied for user 'root'@'localhost' (using password: YES)
2025-12-17 20:04:53 [ERROR]: Error inesperado: Access denied for user 'root'@'localhost' (using password: YES)
2025-12-17 20:05:42 [INFO]: 🚀 API escuchando en http://localhost:9000
2025-12-17 20:05:42 [INFO]: ✅ Mongoose conectado a MongoDB en: localhost
2025-12-17 20:05:42 [INFO]: 🚀 MongoDB conectado correctamente
2025-12-17 20:05:42 [INFO]: Base de datos conectada
2025-12-17 20:05:42 [INFO]: Conexión establecida con la base de datos
2025-12-17 20:05:42 [INFO]: Base de Datos sincronizadas
2025-12-17 20:07:26 [INFO]: 🚀 API escuchando en http://localhost:9000
2025-12-17 20:07:26 [INFO]: Base de datos conectada
2025-12-17 20:07:26 [INFO]: ✅ Mongoose conectado a MongoDB en: localhost
2025-12-17 20:07:26 [INFO]: 🚀 MongoDB conectado correctamente
2025-12-17 20:07:26 [INFO]: Conexión establecida con la base de datos
2025-12-17 20:07:26 [INFO]: Base de Datos sincronizadas
2025-12-17 20:34:03 [INFO]: 🚀 API escuchando en http://localhost:9000
2025-12-17 20:34:03 [INFO]: ✅ Mongoose conectado a MongoDB en: localhost
2025-12-17 20:34:03 [INFO]: 🚀 MongoDB conectado correctamente
2025-12-17 20:34:03 [INFO]: Base de datos conectada
2025-12-17 20:34:03 [INFO]: Conexión establecida con la base de datos
2025-12-17 20:34:05 [INFO]: Base de Datos sincronizadas
2025-12-17 20:46:24 [INFO]: 🚀 API escuchando en http://localhost:9000
2025-12-17 20:46:24 [INFO]: ✅ Mongoose conectado a MongoDB en: localhost
2025-12-17 20:46:24 [INFO]: 🚀 MongoDB conectado correctamente
2025-12-17 20:46:24 [INFO]: Base de datos conectada
2025-12-17 20:46:24 [INFO]: Conexión establecida con la base de datos
2025-12-17 20:46:26 [INFO]: Base de Datos sincronizadas
2025-12-17 20:48:56 [ERROR]: Registration error: SequelizeForeignKeyConstraintError: Cannot add or update a child row: a foreign key constraint fails (temp file operation failed)
2025-12-17 20:48:56 [INFO]: [0mPOST /auth/register [31m500[0m 324.132 ms - 65[0m
2025-12-17 21:06:57 [INFO]: 🚀 API escuchando en http://localhost:9000
2025-12-17 21:06:58 [INFO]: Base de datos conectada
2025-12-17 21:06:58 [INFO]: ✅ Mongoose conectado a MongoDB en: localhost
2025-12-17 21:06:58 [INFO]: 🚀 MongoDB conectado correctamente
2025-12-17 21:06:58 [INFO]: Conexión establecida con la base de datos
2025-12-17 21:06:59 [INFO]: Base de Datos sincronizadas
2025-12-17 21:08:18 [INFO]: [0mPOST /auth/register [32m201[0m 358.078 ms - 219[0m
2025-12-17 21:08:19 [INFO]: [0mGET /auth/profile [32m200[0m 11.924 ms - 178[0m
2025-12-17 21:08:29 [INFO]: [0mGET /auth/profile [36m304[0m 4.201 ms - -[0m
2025-12-17 21:08:29 [INFO]: [0mGET /auth/profile [36m304[0m 3.964 ms - -[0m
2025-12-17 21:08:32 [INFO]: [0mGET /auth/profile [36m304[0m 2.674 ms - -[0m
2025-12-17 21:08:35 [INFO]: [0mGET /auth/profile [36m304[0m 2.831 ms - -[0m
2025-12-17 21:08:36 [INFO]: [0mGET /auth/profile [36m304[0m 3.244 ms - -[0m
2025-12-17 21:08:37 [INFO]: [0mGET /auth/profile [36m304[0m 3.042 ms - -[0m
2025-12-17 21:08:38 [INFO]: [0mGET /auth/profile [36m304[0m 2.862 ms - -[0m
2025-12-17 21:08:43 [INFO]: [0mPOST /auth/logout [32m200[0m 19.256 ms - 58[0m
2025-12-17 21:08:46 [INFO]: [0mPOST /auth/login [32m200[0m 103.171 ms - 207[0m
2025-12-17 21:08:46 [INFO]: [0mGET /auth/profile [36m304[0m 2.931 ms - -[0m
2025-12-17 21:09:37 [INFO]: [0mPOST /auth/logout [32m200[0m 10.436 ms - 58[0m
2025-12-17 21:10:12 [INFO]: [0mPOST /auth/register [32m201[0m 107.697 ms - 210[0m
2025-12-17 21:10:18 [INFO]: [0mPOST /auth/login [32m200[0m 106.629 ms - 198[0m
2025-12-17 21:10:26 [INFO]: [0mPOST /auth/login [32m200[0m 99.570 ms - 198[0m
2025-12-17 21:11:33 [INFO]: [0mPOST /auth/login [32m200[0m 100.462 ms - 207[0m
2025-12-17 21:11:33 [INFO]: [0mGET /auth/profile [36m304[0m 2.712 ms - -[0m
2025-12-17 21:11:38 [INFO]: [0mGET /auth/profile [36m304[0m 4.030 ms - -[0m
2025-12-17 21:11:45 [INFO]: [0mGET /auth/profile [36m304[0m 2.258 ms - -[0m
2025-12-17 21:11:45 [INFO]: [0mGET /auth/profile [36m304[0m 2.860 ms - -[0m
2025-12-17 21:11:46 [INFO]: [0mGET /auth/profile [36m304[0m 2.137 ms - -[0m
2025-12-17 21:11:47 [INFO]: [0mGET /auth/profile [36m304[0m 2.624 ms - -[0m
2025-12-17 21:11:48 [INFO]: [0mGET /auth/profile [36m304[0m 2.111 ms - -[0m
2025-12-17 21:11:49 [INFO]: [0mGET /auth/profile [36m304[0m 2.143 ms - -[0m
2025-12-17 21:12:27 [INFO]: [0mGET /auth/profile [36m304[0m 3.335 ms - -[0m
2025-12-17 21:12:27 [INFO]: [0mGET /auth/profile [36m304[0m 1.947 ms - -[0m
2025-12-17 21:12:29 [INFO]: [0mGET /auth/profile [36m304[0m 2.419 ms - -[0m
2025-12-17 21:12:59 [INFO]: [0mGET /auth/profile [36m304[0m 2.460 ms - -[0m
2025-12-17 21:13:00 [INFO]: [0mGET /auth/profile [36m304[0m 2.406 ms - -[0m
2025-12-17 21:13:00 [INFO]: [0mGET /auth/profile [36m304[0m 1.960 ms - -[0m
2025-12-17 21:13:02 [INFO]: [0mGET /auth/profile [36m304[0m 3.367 ms - -[0m
2025-12-17 21:14:49 [INFO]: [0mGET /auth/profile [36m304[0m 2.051 ms - -[0m
2025-12-17 21:15:22 [INFO]: [0mPOST /auth/logout [32m200[0m 10.169 ms - 58[0m
2025-12-17 21:15:25 [INFO]: [0mPOST /auth/login [32m200[0m 96.811 ms - 198[0m
2025-12-17 21:15:29 [INFO]: [0mPOST /auth/logout [32m200[0m 9.492 ms - 58[0m
2025-12-17 21:15:35 [INFO]: [0mPOST /auth/login [32m200[0m 101.246 ms - 207[0m
2025-12-17 21:15:35 [INFO]: [0mGET /auth/profile [36m304[0m 7.299 ms - -[0m
2025-12-17 21:15:37 [INFO]: [0mGET /auth/profile [36m304[0m 2.508 ms - -[0m
2025-12-17 21:15:37 [INFO]: [0mGET /auth/profile [36m304[0m 2.866 ms - -[0m
2025-12-17 21:15:38 [INFO]: [0mGET /auth/profile [36m304[0m 3.106 ms - -[0m
2025-12-17 21:15:41 [INFO]: [0mGET /auth/profile [36m304[0m 2.079 ms - -[0m
2025-12-17 21:18:28 [INFO]: [0mGET /auth/profile [36m304[0m 2.117 ms - -[0m
2025-12-17 21:18:28 [INFO]: [0mGET /auth/profile [36m304[0m 2.238 ms - -[0m
2025-12-17 21:18:28 [INFO]: [0mGET /auth/profile [36m304[0m 1.900 ms - -[0m
2025-12-17 21:18:29 [INFO]: [0mGET /auth/profile [36m304[0m 3.335 ms - -[0m
2025-12-17 21:18:30 [INFO]: [0mGET /auth/profile [36m304[0m 2.064 ms - -[0m
2025-12-17 21:18:30 [INFO]: [0mGET /auth/profile [36m304[0m 2.722 ms - -[0m
2025-12-17 21:18:30 [INFO]: [0mGET /auth/profile [36m304[0m 2.080 ms - -[0m
2025-12-17 21:18:31 [INFO]: [0mGET /auth/profile [36m304[0m 2.567 ms - -[0m
